<?xml version="1.0" encoding="UTF-8"?>
<!-- Generated by org.testng.reporters.JUnitXMLReporter -->
<testsuite hostname="DESKTOP-KKG1Q8F" ignored="1" name="Test" tests="2" failures="0" timestamp="2021-11-27T05:03:40 PST" time="0.063" errors="0">
  <testcase name="dress" time="0.015" classname="com.testng.Ignore_Concept"/>
  <testcase name="tshirts" time="0.0" classname="com.testng.Ignore_Concept"/>
  <testcase name="children" time="0.0" classname="com.testng.Ignore_Concept">
    <ignored/>
  </testcase> <!-- children -->
</testsuite> <!-- Test -->
